   0  $accept : program $end

   1  program : code

   2  code : code declaration
   3       | declaration

   4  declaration : scalar_declaration
   5              | array_declaration
   6              | func_declaration

   7  scalar_declaration : scalar_type scalar_ids ';'

   8  scalar_type : scalar_type TYPE
   9              | TYPE

  10  scalar_ids : scalar_ids ',' scalar_id
  11             | scalar_id

  12  scalar_id : ID '=' expression
  13            | '*' ID '=' expression
  14            | ID
  15            | '*' ID

  16  array_declaration : scalar_type arrays ';'

  17  arrays : arrays ',' array
  18         | array

  19  array : ID array_shape '=' '{' array_content_elements '}'
  20        | ID array_shape

  21  array_shape : array_shape '[' expression ']'
  22              | '[' expression ']'

  23  array_content_elements : array_content_element ',' array_content_elements
  24                         | array_content_element

  25  array_content_element : '{' array_content_elements '}'
  26                        | expression

  27  func_declaration : scalar_type function ';'
  28                   | scalar_type function compound_statements

  29  function : ID '(' func_parameters ')'
  30           | '*' ID '(' func_parameters ')'

  31  func_parameters : func_parameters ',' func_parameter
  32                  | func_parameter

  33  func_parameter : scalar_type ID
  34                 | scalar_type '*' ID
  35                 |

  36  expression :
  37             | expr_14

  38  expr_14 : expr_12 '=' expr_14
  39          | expr_12

  40  expr_12 : expr_12 OR expr_11
  41          | expr_11

  42  expr_11 : expr_11 AND expr_10
  43          | expr_10

  44  expr_10 : expr_10 '|' expr_9
  45          | expr_9

  46  expr_9 : expr_9 '^' expr_8
  47         | expr_8

  48  expr_8 : expr_8 '&' expr_7
  49         | expr_7

  50  expr_7 : expr_7 EQUAL expr_6
  51         | expr_7 NOT_EQUAL expr_6
  52         | expr_6

  53  expr_6 : expr_6 '<' expr_5
  54         | expr_6 '>' expr_5
  55         | expr_6 GE expr_5
  56         | expr_6 LE expr_5
  57         | expr_5

  58  expr_5 : expr_5 RS expr_4
  59         | expr_5 LS expr_4
  60         | expr_4

  61  expr_4 : expr_4 '+' expr_3
  62         | expr_4 '-' expr_3
  63         | expr_3

  64  expr_3 : expr_3 '*' expr_2
  65         | expr_3 '/' expr_2
  66         | expr_3 '%' expr_2
  67         | expr_2

  68  expr_2 : INC expr_2
  69         | DEC expr_2
  70         | '+' expr_2
  71         | '-' expr_2
  72         | '!' expr_2
  73         | '~' expr_2
  74         | '*' expr_2
  75         | '&' expr_2
  76         | '(' scalar_type ')' expr_2
  77         | '(' scalar_type '*' ')' expr_2
  78         | expr_1

  79  expr_1 : expr_1 INC
  80         | expr_1 DEC
  81         | expr_1 variable '(' ')'
  82         | '(' expression ')'
  83         | expr_1 ID array_shape
  84         | ID array_shape
  85         | expr_1 '(' func_call_parameters ')'
  86         | variable
  87         | literal
  88         | Null

  89  func_call_parameters : func_call_parameters ',' expression
  90                       | expression

  91  variable : ID

  92  literal : INT
  93          | FLOAT
  94          | CHAR
  95          | STR

  96  statements : statements statement
  97             | statement

  98  statement : expression ';'
  99            | if_statement
 100            | switch_statement
 101            | while_statement
 102            | for_statement
 103            | return_statement
 104            | break_statement
 105            | continue_statement
 106            | compound_statements

 107  if_statement : IF '(' expression ')' compound_statements
 108               | IF '(' expression ')' compound_statements ELSE compound_statements

 109  switch_statement : SWITCH '(' expression ')' '{' switch_cases '}'

 110  switch_cases : switch_cases switch_case
 111               | switch_case

 112  switch_case : CASE expression ':' statements
 113              | DEFAULT ':' statements
 114              | CASE expression ':'
 115              | DEFAULT ':'

 116  while_statement : WHILE '(' expression ')' statement
 117                  | DO statement WHILE '(' expression ')' ';'

 118  for_statement : FOR '(' for_parameters ')' statement

 119  for_parameters : expression ';' expression ';' expression

 120  return_statement : RETURN expression ';'

 121  break_statement : BREAK ';'

 122  continue_statement : CONTINUE ';'

 123  compound_statements : '{' compound_statement '}'
 124                      | '{' '}'

 125  compound_statement : compound_statement scalar_declaration
 126                     | compound_statement array_declaration
 127                     | compound_statement statement
 128                     | scalar_declaration
 129                     | array_declaration
 130                     | statement

state 0
	$accept : . program $end  (0)

	TYPE  shift 1
	.  error

	program  goto 2
	code  goto 3
	declaration  goto 4
	scalar_declaration  goto 5
	scalar_type  goto 6
	array_declaration  goto 7
	func_declaration  goto 8


state 1
	scalar_type : TYPE .  (9)

	.  reduce 9


state 2
	$accept : program . $end  (0)

	$end  accept


state 3
	program : code .  (1)
	code : code . declaration  (2)

	TYPE  shift 1
	$end  reduce 1

	declaration  goto 9
	scalar_declaration  goto 5
	scalar_type  goto 6
	array_declaration  goto 7
	func_declaration  goto 8


state 4
	code : declaration .  (3)

	.  reduce 3


state 5
	declaration : scalar_declaration .  (4)

	.  reduce 4


state 6
	scalar_declaration : scalar_type . scalar_ids ';'  (7)
	scalar_type : scalar_type . TYPE  (8)
	array_declaration : scalar_type . arrays ';'  (16)
	func_declaration : scalar_type . function ';'  (27)
	func_declaration : scalar_type . function compound_statements  (28)

	'*'  shift 10
	TYPE  shift 11
	ID  shift 12
	.  error

	scalar_ids  goto 13
	scalar_id  goto 14
	arrays  goto 15
	array  goto 16
	function  goto 17


state 7
	declaration : array_declaration .  (5)

	.  reduce 5


state 8
	declaration : func_declaration .  (6)

	.  reduce 6


state 9
	code : code declaration .  (2)

	.  reduce 2


state 10
	scalar_id : '*' . ID '=' expression  (13)
	scalar_id : '*' . ID  (15)
	function : '*' . ID '(' func_parameters ')'  (30)

	ID  shift 18
	.  error


state 11
	scalar_type : scalar_type TYPE .  (8)

	.  reduce 8


state 12
	scalar_id : ID . '=' expression  (12)
	scalar_id : ID .  (14)
	array : ID . array_shape '=' '{' array_content_elements '}'  (19)
	array : ID . array_shape  (20)
	function : ID . '(' func_parameters ')'  (29)

	'='  shift 19
	'('  shift 20
	'['  shift 21
	';'  reduce 14
	','  reduce 14

	array_shape  goto 22


state 13
	scalar_declaration : scalar_type scalar_ids . ';'  (7)
	scalar_ids : scalar_ids . ',' scalar_id  (10)

	';'  shift 23
	','  shift 24
	.  error


state 14
	scalar_ids : scalar_id .  (11)

	.  reduce 11


state 15
	array_declaration : scalar_type arrays . ';'  (16)
	arrays : arrays . ',' array  (17)

	';'  shift 25
	','  shift 26
	.  error


state 16
	arrays : array .  (18)

	.  reduce 18


state 17
	func_declaration : scalar_type function . ';'  (27)
	func_declaration : scalar_type function . compound_statements  (28)

	'{'  shift 27
	';'  shift 28
	.  error

	compound_statements  goto 29


state 18
	scalar_id : '*' ID . '=' expression  (13)
	scalar_id : '*' ID .  (15)
	function : '*' ID . '(' func_parameters ')'  (30)

	'='  shift 30
	'('  shift 31
	';'  reduce 15
	','  reduce 15


state 19
	scalar_id : ID '=' . expression  (12)
	expression : .  (36)

	'&'  shift 32
	'+'  shift 33
	'-'  shift 34
	'*'  shift 35
	INC  shift 36
	DEC  shift 37
	'~'  shift 38
	'!'  shift 39
	'('  shift 40
	Null  shift 41
	INT  shift 42
	FLOAT  shift 43
	CHAR  shift 44
	STR  shift 45
	ID  shift 46
	';'  reduce 36
	','  reduce 36

	expression  goto 47
	expr_14  goto 48
	expr_12  goto 49
	expr_11  goto 50
	expr_10  goto 51
	expr_9  goto 52
	expr_8  goto 53
	expr_7  goto 54
	expr_6  goto 55
	expr_5  goto 56
	expr_4  goto 57
	expr_3  goto 58
	expr_2  goto 59
	expr_1  goto 60
	variable  goto 61
	literal  goto 62


state 20
	function : ID '(' . func_parameters ')'  (29)
	func_parameter : .  (35)

	TYPE  shift 1
	')'  reduce 35
	','  reduce 35

	scalar_type  goto 63
	func_parameters  goto 64
	func_parameter  goto 65


state 21
	array_shape : '[' . expression ']'  (22)
	expression : .  (36)

	'&'  shift 32
	'+'  shift 33
	'-'  shift 34
	'*'  shift 35
	INC  shift 36
	DEC  shift 37
	'~'  shift 38
	'!'  shift 39
	'('  shift 40
	Null  shift 41
	INT  shift 42
	FLOAT  shift 43
	CHAR  shift 44
	STR  shift 45
	ID  shift 46
	']'  reduce 36

	expression  goto 66
	expr_14  goto 48
	expr_12  goto 49
	expr_11  goto 50
	expr_10  goto 51
	expr_9  goto 52
	expr_8  goto 53
	expr_7  goto 54
	expr_6  goto 55
	expr_5  goto 56
	expr_4  goto 57
	expr_3  goto 58
	expr_2  goto 59
	expr_1  goto 60
	variable  goto 61
	literal  goto 62


state 22
	array : ID array_shape . '=' '{' array_content_elements '}'  (19)
	array : ID array_shape .  (20)
	array_shape : array_shape . '[' expression ']'  (21)

	'='  shift 67
	'['  shift 68
	';'  reduce 20
	','  reduce 20


state 23
	scalar_declaration : scalar_type scalar_ids ';' .  (7)

	.  reduce 7


state 24
	scalar_ids : scalar_ids ',' . scalar_id  (10)

	'*'  shift 69
	ID  shift 70
	.  error

	scalar_id  goto 71


state 25
	array_declaration : scalar_type arrays ';' .  (16)

	.  reduce 16


state 26
	arrays : arrays ',' . array  (17)

	ID  shift 72
	.  error

	array  goto 73


state 27
	compound_statements : '{' . compound_statement '}'  (123)
	compound_statements : '{' . '}'  (124)
	expression : .  (36)

	'&'  shift 32
	'+'  shift 33
	'-'  shift 34
	'*'  shift 35
	INC  shift 36
	DEC  shift 37
	'~'  shift 38
	'!'  shift 39
	'('  shift 40
	'{'  shift 27
	'}'  shift 74
	Null  shift 41
	INT  shift 42
	FLOAT  shift 43
	CHAR  shift 44
	STR  shift 45
	TYPE  shift 1
	ID  shift 46
	IF  shift 75
	SWITCH  shift 76
	WHILE  shift 77
	DO  shift 78
	FOR  shift 79
	RETURN  shift 80
	BREAK  shift 81
	CONTINUE  shift 82
	';'  reduce 36

	expression  goto 83
	expr_14  goto 48
	expr_12  goto 49
	expr_11  goto 50
	expr_10  goto 51
	expr_9  goto 52
	expr_8  goto 53
	expr_7  goto 54
	expr_6  goto 55
	expr_5  goto 56
	expr_4  goto 57
	expr_3  goto 58
	expr_2  goto 59
	expr_1  goto 60
	variable  goto 61
	literal  goto 62
	scalar_declaration  goto 84
	scalar_type  goto 85
	array_declaration  goto 86
	compound_statements  goto 87
	compound_statement  goto 88
	statement  goto 89
	if_statement  goto 90
	switch_statement  goto 91
	while_statement  goto 92
	for_statement  goto 93
	return_statement  goto 94
	break_statement  goto 95
	continue_statement  goto 96


state 28
	func_declaration : scalar_type function ';' .  (27)

	.  reduce 27


state 29
	func_declaration : scalar_type function compound_statements .  (28)

	.  reduce 28


state 30
	scalar_id : '*' ID '=' . expression  (13)
	expression : .  (36)

	'&'  shift 32
	'+'  shift 33
	'-'  shift 34
	'*'  shift 35
	INC  shift 36
	DEC  shift 37
	'~'  shift 38
	'!'  shift 39
	'('  shift 40
	Null  shift 41
	INT  shift 42
	FLOAT  shift 43
	CHAR  shift 44
	STR  shift 45
	ID  shift 46
	';'  reduce 36
	','  reduce 36

	expression  goto 97
	expr_14  goto 48
	expr_12  goto 49
	expr_11  goto 50
	expr_10  goto 51
	expr_9  goto 52
	expr_8  goto 53
	expr_7  goto 54
	expr_6  goto 55
	expr_5  goto 56
	expr_4  goto 57
	expr_3  goto 58
	expr_2  goto 59
	expr_1  goto 60
	variable  goto 61
	literal  goto 62


state 31
	function : '*' ID '(' . func_parameters ')'  (30)
	func_parameter : .  (35)

	TYPE  shift 1
	')'  reduce 35
	','  reduce 35

	scalar_type  goto 63
	func_parameters  goto 98
	func_parameter  goto 65


state 32
	expr_2 : '&' . expr_2  (75)

	'&'  shift 32
	'+'  shift 33
	'-'  shift 34
	'*'  shift 35
	INC  shift 36
	DEC  shift 37
	'~'  shift 38
	'!'  shift 39
	'('  shift 40
	Null  shift 41
	INT  shift 42
	FLOAT  shift 43
	CHAR  shift 44
	STR  shift 45
	ID  shift 46
	.  error

	expr_2  goto 99
	expr_1  goto 60
	variable  goto 61
	literal  goto 62


state 33
	expr_2 : '+' . expr_2  (70)

	'&'  shift 32
	'+'  shift 33
	'-'  shift 34
	'*'  shift 35
	INC  shift 36
	DEC  shift 37
	'~'  shift 38
	'!'  shift 39
	'('  shift 40
	Null  shift 41
	INT  shift 42
	FLOAT  shift 43
	CHAR  shift 44
	STR  shift 45
	ID  shift 46
	.  error

	expr_2  goto 100
	expr_1  goto 60
	variable  goto 61
	literal  goto 62


state 34
	expr_2 : '-' . expr_2  (71)

	'&'  shift 32
	'+'  shift 33
	'-'  shift 34
	'*'  shift 35
	INC  shift 36
	DEC  shift 37
	'~'  shift 38
	'!'  shift 39
	'('  shift 40
	Null  shift 41
	INT  shift 42
	FLOAT  shift 43
	CHAR  shift 44
	STR  shift 45
	ID  shift 46
	.  error

	expr_2  goto 101
	expr_1  goto 60
	variable  goto 61
	literal  goto 62


state 35
	expr_2 : '*' . expr_2  (74)

	'&'  shift 32
	'+'  shift 33
	'-'  shift 34
	'*'  shift 35
	INC  shift 36
	DEC  shift 37
	'~'  shift 38
	'!'  shift 39
	'('  shift 40
	Null  shift 41
	INT  shift 42
	FLOAT  shift 43
	CHAR  shift 44
	STR  shift 45
	ID  shift 46
	.  error

	expr_2  goto 102
	expr_1  goto 60
	variable  goto 61
	literal  goto 62


state 36
	expr_2 : INC . expr_2  (68)

	'&'  shift 32
	'+'  shift 33
	'-'  shift 34
	'*'  shift 35
	INC  shift 36
	DEC  shift 37
	'~'  shift 38
	'!'  shift 39
	'('  shift 40
	Null  shift 41
	INT  shift 42
	FLOAT  shift 43
	CHAR  shift 44
	STR  shift 45
	ID  shift 46
	.  error

	expr_2  goto 103
	expr_1  goto 60
	variable  goto 61
	literal  goto 62


state 37
	expr_2 : DEC . expr_2  (69)

	'&'  shift 32
	'+'  shift 33
	'-'  shift 34
	'*'  shift 35
	INC  shift 36
	DEC  shift 37
	'~'  shift 38
	'!'  shift 39
	'('  shift 40
	Null  shift 41
	INT  shift 42
	FLOAT  shift 43
	CHAR  shift 44
	STR  shift 45
	ID  shift 46
	.  error

	expr_2  goto 104
	expr_1  goto 60
	variable  goto 61
	literal  goto 62


state 38
	expr_2 : '~' . expr_2  (73)

	'&'  shift 32
	'+'  shift 33
	'-'  shift 34
	'*'  shift 35
	INC  shift 36
	DEC  shift 37
	'~'  shift 38
	'!'  shift 39
	'('  shift 40
	Null  shift 41
	INT  shift 42
	FLOAT  shift 43
	CHAR  shift 44
	STR  shift 45
	ID  shift 46
	.  error

	expr_2  goto 105
	expr_1  goto 60
	variable  goto 61
	literal  goto 62


state 39
	expr_2 : '!' . expr_2  (72)

	'&'  shift 32
	'+'  shift 33
	'-'  shift 34
	'*'  shift 35
	INC  shift 36
	DEC  shift 37
	'~'  shift 38
	'!'  shift 39
	'('  shift 40
	Null  shift 41
	INT  shift 42
	FLOAT  shift 43
	CHAR  shift 44
	STR  shift 45
	ID  shift 46
	.  error

	expr_2  goto 106
	expr_1  goto 60
	variable  goto 61
	literal  goto 62


state 40
	expr_2 : '(' . scalar_type ')' expr_2  (76)
	expr_2 : '(' . scalar_type '*' ')' expr_2  (77)
	expr_1 : '(' . expression ')'  (82)
	expression : .  (36)

	'&'  shift 32
	'+'  shift 33
	'-'  shift 34
	'*'  shift 35
	INC  shift 36
	DEC  shift 37
	'~'  shift 38
	'!'  shift 39
	'('  shift 40
	Null  shift 41
	INT  shift 42
	FLOAT  shift 43
	CHAR  shift 44
	STR  shift 45
	TYPE  shift 1
	ID  shift 46
	')'  reduce 36

	expression  goto 107
	expr_14  goto 48
	expr_12  goto 49
	expr_11  goto 50
	expr_10  goto 51
	expr_9  goto 52
	expr_8  goto 53
	expr_7  goto 54
	expr_6  goto 55
	expr_5  goto 56
	expr_4  goto 57
	expr_3  goto 58
	expr_2  goto 59
	expr_1  goto 60
	variable  goto 61
	literal  goto 62
	scalar_type  goto 108


state 41
	expr_1 : Null .  (88)

	.  reduce 88


state 42
	literal : INT .  (92)

	.  reduce 92


state 43
	literal : FLOAT .  (93)

	.  reduce 93


state 44
	literal : CHAR .  (94)

	.  reduce 94


state 45
	literal : STR .  (95)

	.  reduce 95


state 46
	expr_1 : ID . array_shape  (84)
	variable : ID .  (91)

	'['  shift 21
	'='  reduce 91
	OR  reduce 91
	AND  reduce 91
	'|'  reduce 91
	'^'  reduce 91
	'&'  reduce 91
	EQUAL  reduce 91
	NOT_EQUAL  reduce 91
	'<'  reduce 91
	'>'  reduce 91
	GE  reduce 91
	LE  reduce 91
	RS  reduce 91
	LS  reduce 91
	'+'  reduce 91
	'-'  reduce 91
	'*'  reduce 91
	'/'  reduce 91
	'%'  reduce 91
	INC  reduce 91
	DEC  reduce 91
	'('  reduce 91
	')'  reduce 91
	']'  reduce 91
	'}'  reduce 91
	ID  reduce 91
	';'  reduce 91
	','  reduce 91
	':'  reduce 91

	array_shape  goto 109


state 47
	scalar_id : ID '=' expression .  (12)

	.  reduce 12


state 48
	expression : expr_14 .  (37)

	.  reduce 37


state 49
	expr_14 : expr_12 . '=' expr_14  (38)
	expr_14 : expr_12 .  (39)
	expr_12 : expr_12 . OR expr_11  (40)

	'='  shift 110
	OR  shift 111
	')'  reduce 39
	']'  reduce 39
	'}'  reduce 39
	';'  reduce 39
	','  reduce 39
	':'  reduce 39


state 50
	expr_12 : expr_11 .  (41)
	expr_11 : expr_11 . AND expr_10  (42)

	AND  shift 112
	'='  reduce 41
	OR  reduce 41
	')'  reduce 41
	']'  reduce 41
	'}'  reduce 41
	';'  reduce 41
	','  reduce 41
	':'  reduce 41


state 51
	expr_11 : expr_10 .  (43)
	expr_10 : expr_10 . '|' expr_9  (44)

	'|'  shift 113
	'='  reduce 43
	OR  reduce 43
	AND  reduce 43
	')'  reduce 43
	']'  reduce 43
	'}'  reduce 43
	';'  reduce 43
	','  reduce 43
	':'  reduce 43


state 52
	expr_10 : expr_9 .  (45)
	expr_9 : expr_9 . '^' expr_8  (46)

	'^'  shift 114
	'='  reduce 45
	OR  reduce 45
	AND  reduce 45
	'|'  reduce 45
	')'  reduce 45
	']'  reduce 45
	'}'  reduce 45
	';'  reduce 45
	','  reduce 45
	':'  reduce 45


state 53
	expr_9 : expr_8 .  (47)
	expr_8 : expr_8 . '&' expr_7  (48)

	'&'  shift 115
	'='  reduce 47
	OR  reduce 47
	AND  reduce 47
	'|'  reduce 47
	'^'  reduce 47
	')'  reduce 47
	']'  reduce 47
	'}'  reduce 47
	';'  reduce 47
	','  reduce 47
	':'  reduce 47


state 54
	expr_8 : expr_7 .  (49)
	expr_7 : expr_7 . EQUAL expr_6  (50)
	expr_7 : expr_7 . NOT_EQUAL expr_6  (51)

	EQUAL  shift 116
	NOT_EQUAL  shift 117
	'='  reduce 49
	OR  reduce 49
	AND  reduce 49
	'|'  reduce 49
	'^'  reduce 49
	'&'  reduce 49
	')'  reduce 49
	']'  reduce 49
	'}'  reduce 49
	';'  reduce 49
	','  reduce 49
	':'  reduce 49


state 55
	expr_7 : expr_6 .  (52)
	expr_6 : expr_6 . '<' expr_5  (53)
	expr_6 : expr_6 . '>' expr_5  (54)
	expr_6 : expr_6 . GE expr_5  (55)
	expr_6 : expr_6 . LE expr_5  (56)

	'<'  shift 118
	'>'  shift 119
	GE  shift 120
	LE  shift 121
	'='  reduce 52
	OR  reduce 52
	AND  reduce 52
	'|'  reduce 52
	'^'  reduce 52
	'&'  reduce 52
	EQUAL  reduce 52
	NOT_EQUAL  reduce 52
	')'  reduce 52
	']'  reduce 52
	'}'  reduce 52
	';'  reduce 52
	','  reduce 52
	':'  reduce 52


state 56
	expr_6 : expr_5 .  (57)
	expr_5 : expr_5 . RS expr_4  (58)
	expr_5 : expr_5 . LS expr_4  (59)

	RS  shift 122
	LS  shift 123
	'='  reduce 57
	OR  reduce 57
	AND  reduce 57
	'|'  reduce 57
	'^'  reduce 57
	'&'  reduce 57
	EQUAL  reduce 57
	NOT_EQUAL  reduce 57
	'<'  reduce 57
	'>'  reduce 57
	GE  reduce 57
	LE  reduce 57
	')'  reduce 57
	']'  reduce 57
	'}'  reduce 57
	';'  reduce 57
	','  reduce 57
	':'  reduce 57


state 57
	expr_5 : expr_4 .  (60)
	expr_4 : expr_4 . '+' expr_3  (61)
	expr_4 : expr_4 . '-' expr_3  (62)

	'+'  shift 124
	'-'  shift 125
	'='  reduce 60
	OR  reduce 60
	AND  reduce 60
	'|'  reduce 60
	'^'  reduce 60
	'&'  reduce 60
	EQUAL  reduce 60
	NOT_EQUAL  reduce 60
	'<'  reduce 60
	'>'  reduce 60
	GE  reduce 60
	LE  reduce 60
	RS  reduce 60
	LS  reduce 60
	')'  reduce 60
	']'  reduce 60
	'}'  reduce 60
	';'  reduce 60
	','  reduce 60
	':'  reduce 60


state 58
	expr_4 : expr_3 .  (63)
	expr_3 : expr_3 . '*' expr_2  (64)
	expr_3 : expr_3 . '/' expr_2  (65)
	expr_3 : expr_3 . '%' expr_2  (66)

	'*'  shift 126
	'/'  shift 127
	'%'  shift 128
	'='  reduce 63
	OR  reduce 63
	AND  reduce 63
	'|'  reduce 63
	'^'  reduce 63
	'&'  reduce 63
	EQUAL  reduce 63
	NOT_EQUAL  reduce 63
	'<'  reduce 63
	'>'  reduce 63
	GE  reduce 63
	LE  reduce 63
	RS  reduce 63
	LS  reduce 63
	'+'  reduce 63
	'-'  reduce 63
	')'  reduce 63
	']'  reduce 63
	'}'  reduce 63
	';'  reduce 63
	','  reduce 63
	':'  reduce 63


state 59
	expr_3 : expr_2 .  (67)

	.  reduce 67


state 60
	expr_2 : expr_1 .  (78)
	expr_1 : expr_1 . INC  (79)
	expr_1 : expr_1 . DEC  (80)
	expr_1 : expr_1 . variable '(' ')'  (81)
	expr_1 : expr_1 . ID array_shape  (83)
	expr_1 : expr_1 . '(' func_call_parameters ')'  (85)

	INC  shift 129
	DEC  shift 130
	'('  shift 131
	ID  shift 132
	'='  reduce 78
	OR  reduce 78
	AND  reduce 78
	'|'  reduce 78
	'^'  reduce 78
	'&'  reduce 78
	EQUAL  reduce 78
	NOT_EQUAL  reduce 78
	'<'  reduce 78
	'>'  reduce 78
	GE  reduce 78
	LE  reduce 78
	RS  reduce 78
	LS  reduce 78
	'+'  reduce 78
	'-'  reduce 78
	'*'  reduce 78
	'/'  reduce 78
	'%'  reduce 78
	')'  reduce 78
	']'  reduce 78
	'}'  reduce 78
	';'  reduce 78
	','  reduce 78
	':'  reduce 78

	variable  goto 133


state 61
	expr_1 : variable .  (86)

	.  reduce 86


state 62
	expr_1 : literal .  (87)

	.  reduce 87


state 63
	scalar_type : scalar_type . TYPE  (8)
	func_parameter : scalar_type . ID  (33)
	func_parameter : scalar_type . '*' ID  (34)

	'*'  shift 134
	TYPE  shift 11
	ID  shift 135
	.  error


state 64
	function : ID '(' func_parameters . ')'  (29)
	func_parameters : func_parameters . ',' func_parameter  (31)

	')'  shift 136
	','  shift 137
	.  error


state 65
	func_parameters : func_parameter .  (32)

	.  reduce 32


state 66
	array_shape : '[' expression . ']'  (22)

	']'  shift 138
	.  error


state 67
	array : ID array_shape '=' . '{' array_content_elements '}'  (19)

	'{'  shift 139
	.  error


state 68
	array_shape : array_shape '[' . expression ']'  (21)
	expression : .  (36)

	'&'  shift 32
	'+'  shift 33
	'-'  shift 34
	'*'  shift 35
	INC  shift 36
	DEC  shift 37
	'~'  shift 38
	'!'  shift 39
	'('  shift 40
	Null  shift 41
	INT  shift 42
	FLOAT  shift 43
	CHAR  shift 44
	STR  shift 45
	ID  shift 46
	']'  reduce 36

	expression  goto 140
	expr_14  goto 48
	expr_12  goto 49
	expr_11  goto 50
	expr_10  goto 51
	expr_9  goto 52
	expr_8  goto 53
	expr_7  goto 54
	expr_6  goto 55
	expr_5  goto 56
	expr_4  goto 57
	expr_3  goto 58
	expr_2  goto 59
	expr_1  goto 60
	variable  goto 61
	literal  goto 62


state 69
	scalar_id : '*' . ID '=' expression  (13)
	scalar_id : '*' . ID  (15)

	ID  shift 141
	.  error


state 70
	scalar_id : ID . '=' expression  (12)
	scalar_id : ID .  (14)

	'='  shift 19
	';'  reduce 14
	','  reduce 14


state 71
	scalar_ids : scalar_ids ',' scalar_id .  (10)

	.  reduce 10


state 72
	array : ID . array_shape '=' '{' array_content_elements '}'  (19)
	array : ID . array_shape  (20)

	'['  shift 21
	.  error

	array_shape  goto 22


state 73
	arrays : arrays ',' array .  (17)

	.  reduce 17


state 74
	compound_statements : '{' '}' .  (124)

	.  reduce 124


state 75
	if_statement : IF . '(' expression ')' compound_statements  (107)
	if_statement : IF . '(' expression ')' compound_statements ELSE compound_statements  (108)

	'('  shift 142
	.  error


state 76
	switch_statement : SWITCH . '(' expression ')' '{' switch_cases '}'  (109)

	'('  shift 143
	.  error


state 77
	while_statement : WHILE . '(' expression ')' statement  (116)

	'('  shift 144
	.  error


state 78
	while_statement : DO . statement WHILE '(' expression ')' ';'  (117)
	expression : .  (36)

	'&'  shift 32
	'+'  shift 33
	'-'  shift 34
	'*'  shift 35
	INC  shift 36
	DEC  shift 37
	'~'  shift 38
	'!'  shift 39
	'('  shift 40
	'{'  shift 27
	Null  shift 41
	INT  shift 42
	FLOAT  shift 43
	CHAR  shift 44
	STR  shift 45
	ID  shift 46
	IF  shift 75
	SWITCH  shift 76
	WHILE  shift 77
	DO  shift 78
	FOR  shift 79
	RETURN  shift 80
	BREAK  shift 81
	CONTINUE  shift 82
	';'  reduce 36

	expression  goto 83
	expr_14  goto 48
	expr_12  goto 49
	expr_11  goto 50
	expr_10  goto 51
	expr_9  goto 52
	expr_8  goto 53
	expr_7  goto 54
	expr_6  goto 55
	expr_5  goto 56
	expr_4  goto 57
	expr_3  goto 58
	expr_2  goto 59
	expr_1  goto 60
	variable  goto 61
	literal  goto 62
	compound_statements  goto 87
	statement  goto 145
	if_statement  goto 90
	switch_statement  goto 91
	while_statement  goto 92
	for_statement  goto 93
	return_statement  goto 94
	break_statement  goto 95
	continue_statement  goto 96


state 79
	for_statement : FOR . '(' for_parameters ')' statement  (118)

	'('  shift 146
	.  error


state 80
	return_statement : RETURN . expression ';'  (120)
	expression : .  (36)

	'&'  shift 32
	'+'  shift 33
	'-'  shift 34
	'*'  shift 35
	INC  shift 36
	DEC  shift 37
	'~'  shift 38
	'!'  shift 39
	'('  shift 40
	Null  shift 41
	INT  shift 42
	FLOAT  shift 43
	CHAR  shift 44
	STR  shift 45
	ID  shift 46
	';'  reduce 36

	expression  goto 147
	expr_14  goto 48
	expr_12  goto 49
	expr_11  goto 50
	expr_10  goto 51
	expr_9  goto 52
	expr_8  goto 53
	expr_7  goto 54
	expr_6  goto 55
	expr_5  goto 56
	expr_4  goto 57
	expr_3  goto 58
	expr_2  goto 59
	expr_1  goto 60
	variable  goto 61
	literal  goto 62


state 81
	break_statement : BREAK . ';'  (121)

	';'  shift 148
	.  error


state 82
	continue_statement : CONTINUE . ';'  (122)

	';'  shift 149
	.  error


state 83
	statement : expression . ';'  (98)

	';'  shift 150
	.  error


state 84
	compound_statement : scalar_declaration .  (128)

	.  reduce 128


state 85
	scalar_declaration : scalar_type . scalar_ids ';'  (7)
	scalar_type : scalar_type . TYPE  (8)
	array_declaration : scalar_type . arrays ';'  (16)

	'*'  shift 69
	TYPE  shift 11
	ID  shift 151
	.  error

	scalar_ids  goto 13
	scalar_id  goto 14
	arrays  goto 15
	array  goto 16


state 86
	compound_statement : array_declaration .  (129)

	.  reduce 129


state 87
	statement : compound_statements .  (106)

	.  reduce 106


state 88
	compound_statements : '{' compound_statement . '}'  (123)
	compound_statement : compound_statement . scalar_declaration  (125)
	compound_statement : compound_statement . array_declaration  (126)
	compound_statement : compound_statement . statement  (127)
	expression : .  (36)

	'&'  shift 32
	'+'  shift 33
	'-'  shift 34
	'*'  shift 35
	INC  shift 36
	DEC  shift 37
	'~'  shift 38
	'!'  shift 39
	'('  shift 40
	'{'  shift 27
	'}'  shift 152
	Null  shift 41
	INT  shift 42
	FLOAT  shift 43
	CHAR  shift 44
	STR  shift 45
	TYPE  shift 1
	ID  shift 46
	IF  shift 75
	SWITCH  shift 76
	WHILE  shift 77
	DO  shift 78
	FOR  shift 79
	RETURN  shift 80
	BREAK  shift 81
	CONTINUE  shift 82
	';'  reduce 36

	expression  goto 83
	expr_14  goto 48
	expr_12  goto 49
	expr_11  goto 50
	expr_10  goto 51
	expr_9  goto 52
	expr_8  goto 53
	expr_7  goto 54
	expr_6  goto 55
	expr_5  goto 56
	expr_4  goto 57
	expr_3  goto 58
	expr_2  goto 59
	expr_1  goto 60
	variable  goto 61
	literal  goto 62
	scalar_declaration  goto 153
	scalar_type  goto 85
	array_declaration  goto 154
	compound_statements  goto 87
	statement  goto 155
	if_statement  goto 90
	switch_statement  goto 91
	while_statement  goto 92
	for_statement  goto 93
	return_statement  goto 94
	break_statement  goto 95
	continue_statement  goto 96


state 89
	compound_statement : statement .  (130)

	.  reduce 130


state 90
	statement : if_statement .  (99)

	.  reduce 99


state 91
	statement : switch_statement .  (100)

	.  reduce 100


state 92
	statement : while_statement .  (101)

	.  reduce 101


state 93
	statement : for_statement .  (102)

	.  reduce 102


state 94
	statement : return_statement .  (103)

	.  reduce 103


state 95
	statement : break_statement .  (104)

	.  reduce 104


state 96
	statement : continue_statement .  (105)

	.  reduce 105


state 97
	scalar_id : '*' ID '=' expression .  (13)

	.  reduce 13


state 98
	function : '*' ID '(' func_parameters . ')'  (30)
	func_parameters : func_parameters . ',' func_parameter  (31)

	')'  shift 156
	','  shift 137
	.  error


state 99
	expr_2 : '&' expr_2 .  (75)

	.  reduce 75


state 100
	expr_2 : '+' expr_2 .  (70)

	.  reduce 70


state 101
	expr_2 : '-' expr_2 .  (71)

	.  reduce 71


state 102
	expr_2 : '*' expr_2 .  (74)

	.  reduce 74


state 103
	expr_2 : INC expr_2 .  (68)

	.  reduce 68


state 104
	expr_2 : DEC expr_2 .  (69)

	.  reduce 69


state 105
	expr_2 : '~' expr_2 .  (73)

	.  reduce 73


state 106
	expr_2 : '!' expr_2 .  (72)

	.  reduce 72


state 107
	expr_1 : '(' expression . ')'  (82)

	')'  shift 157
	.  error


state 108
	scalar_type : scalar_type . TYPE  (8)
	expr_2 : '(' scalar_type . ')' expr_2  (76)
	expr_2 : '(' scalar_type . '*' ')' expr_2  (77)

	'*'  shift 158
	')'  shift 159
	TYPE  shift 11
	.  error


state 109
	array_shape : array_shape . '[' expression ']'  (21)
	expr_1 : ID array_shape .  (84)

	'['  shift 68
	'='  reduce 84
	OR  reduce 84
	AND  reduce 84
	'|'  reduce 84
	'^'  reduce 84
	'&'  reduce 84
	EQUAL  reduce 84
	NOT_EQUAL  reduce 84
	'<'  reduce 84
	'>'  reduce 84
	GE  reduce 84
	LE  reduce 84
	RS  reduce 84
	LS  reduce 84
	'+'  reduce 84
	'-'  reduce 84
	'*'  reduce 84
	'/'  reduce 84
	'%'  reduce 84
	INC  reduce 84
	DEC  reduce 84
	'('  reduce 84
	')'  reduce 84
	']'  reduce 84
	'}'  reduce 84
	ID  reduce 84
	';'  reduce 84
	','  reduce 84
	':'  reduce 84


state 110
	expr_14 : expr_12 '=' . expr_14  (38)

	'&'  shift 32
	'+'  shift 33
	'-'  shift 34
	'*'  shift 35
	INC  shift 36
	DEC  shift 37
	'~'  shift 38
	'!'  shift 39
	'('  shift 40
	Null  shift 41
	INT  shift 42
	FLOAT  shift 43
	CHAR  shift 44
	STR  shift 45
	ID  shift 46
	.  error

	expr_14  goto 160
	expr_12  goto 49
	expr_11  goto 50
	expr_10  goto 51
	expr_9  goto 52
	expr_8  goto 53
	expr_7  goto 54
	expr_6  goto 55
	expr_5  goto 56
	expr_4  goto 57
	expr_3  goto 58
	expr_2  goto 59
	expr_1  goto 60
	variable  goto 61
	literal  goto 62


state 111
	expr_12 : expr_12 OR . expr_11  (40)

	'&'  shift 32
	'+'  shift 33
	'-'  shift 34
	'*'  shift 35
	INC  shift 36
	DEC  shift 37
	'~'  shift 38
	'!'  shift 39
	'('  shift 40
	Null  shift 41
	INT  shift 42
	FLOAT  shift 43
	CHAR  shift 44
	STR  shift 45
	ID  shift 46
	.  error

	expr_11  goto 161
	expr_10  goto 51
	expr_9  goto 52
	expr_8  goto 53
	expr_7  goto 54
	expr_6  goto 55
	expr_5  goto 56
	expr_4  goto 57
	expr_3  goto 58
	expr_2  goto 59
	expr_1  goto 60
	variable  goto 61
	literal  goto 62


state 112
	expr_11 : expr_11 AND . expr_10  (42)

	'&'  shift 32
	'+'  shift 33
	'-'  shift 34
	'*'  shift 35
	INC  shift 36
	DEC  shift 37
	'~'  shift 38
	'!'  shift 39
	'('  shift 40
	Null  shift 41
	INT  shift 42
	FLOAT  shift 43
	CHAR  shift 44
	STR  shift 45
	ID  shift 46
	.  error

	expr_10  goto 162
	expr_9  goto 52
	expr_8  goto 53
	expr_7  goto 54
	expr_6  goto 55
	expr_5  goto 56
	expr_4  goto 57
	expr_3  goto 58
	expr_2  goto 59
	expr_1  goto 60
	variable  goto 61
	literal  goto 62


state 113
	expr_10 : expr_10 '|' . expr_9  (44)

	'&'  shift 32
	'+'  shift 33
	'-'  shift 34
	'*'  shift 35
	INC  shift 36
	DEC  shift 37
	'~'  shift 38
	'!'  shift 39
	'('  shift 40
	Null  shift 41
	INT  shift 42
	FLOAT  shift 43
	CHAR  shift 44
	STR  shift 45
	ID  shift 46
	.  error

	expr_9  goto 163
	expr_8  goto 53
	expr_7  goto 54
	expr_6  goto 55
	expr_5  goto 56
	expr_4  goto 57
	expr_3  goto 58
	expr_2  goto 59
	expr_1  goto 60
	variable  goto 61
	literal  goto 62


state 114
	expr_9 : expr_9 '^' . expr_8  (46)

	'&'  shift 32
	'+'  shift 33
	'-'  shift 34
	'*'  shift 35
	INC  shift 36
	DEC  shift 37
	'~'  shift 38
	'!'  shift 39
	'('  shift 40
	Null  shift 41
	INT  shift 42
	FLOAT  shift 43
	CHAR  shift 44
	STR  shift 45
	ID  shift 46
	.  error

	expr_8  goto 164
	expr_7  goto 54
	expr_6  goto 55
	expr_5  goto 56
	expr_4  goto 57
	expr_3  goto 58
	expr_2  goto 59
	expr_1  goto 60
	variable  goto 61
	literal  goto 62


state 115
	expr_8 : expr_8 '&' . expr_7  (48)

	'&'  shift 32
	'+'  shift 33
	'-'  shift 34
	'*'  shift 35
	INC  shift 36
	DEC  shift 37
	'~'  shift 38
	'!'  shift 39
	'('  shift 40
	Null  shift 41
	INT  shift 42
	FLOAT  shift 43
	CHAR  shift 44
	STR  shift 45
	ID  shift 46
	.  error

	expr_7  goto 165
	expr_6  goto 55
	expr_5  goto 56
	expr_4  goto 57
	expr_3  goto 58
	expr_2  goto 59
	expr_1  goto 60
	variable  goto 61
	literal  goto 62


state 116
	expr_7 : expr_7 EQUAL . expr_6  (50)

	'&'  shift 32
	'+'  shift 33
	'-'  shift 34
	'*'  shift 35
	INC  shift 36
	DEC  shift 37
	'~'  shift 38
	'!'  shift 39
	'('  shift 40
	Null  shift 41
	INT  shift 42
	FLOAT  shift 43
	CHAR  shift 44
	STR  shift 45
	ID  shift 46
	.  error

	expr_6  goto 166
	expr_5  goto 56
	expr_4  goto 57
	expr_3  goto 58
	expr_2  goto 59
	expr_1  goto 60
	variable  goto 61
	literal  goto 62


state 117
	expr_7 : expr_7 NOT_EQUAL . expr_6  (51)

	'&'  shift 32
	'+'  shift 33
	'-'  shift 34
	'*'  shift 35
	INC  shift 36
	DEC  shift 37
	'~'  shift 38
	'!'  shift 39
	'('  shift 40
	Null  shift 41
	INT  shift 42
	FLOAT  shift 43
	CHAR  shift 44
	STR  shift 45
	ID  shift 46
	.  error

	expr_6  goto 167
	expr_5  goto 56
	expr_4  goto 57
	expr_3  goto 58
	expr_2  goto 59
	expr_1  goto 60
	variable  goto 61
	literal  goto 62


state 118
	expr_6 : expr_6 '<' . expr_5  (53)

	'&'  shift 32
	'+'  shift 33
	'-'  shift 34
	'*'  shift 35
	INC  shift 36
	DEC  shift 37
	'~'  shift 38
	'!'  shift 39
	'('  shift 40
	Null  shift 41
	INT  shift 42
	FLOAT  shift 43
	CHAR  shift 44
	STR  shift 45
	ID  shift 46
	.  error

	expr_5  goto 168
	expr_4  goto 57
	expr_3  goto 58
	expr_2  goto 59
	expr_1  goto 60
	variable  goto 61
	literal  goto 62


state 119
	expr_6 : expr_6 '>' . expr_5  (54)

	'&'  shift 32
	'+'  shift 33
	'-'  shift 34
	'*'  shift 35
	INC  shift 36
	DEC  shift 37
	'~'  shift 38
	'!'  shift 39
	'('  shift 40
	Null  shift 41
	INT  shift 42
	FLOAT  shift 43
	CHAR  shift 44
	STR  shift 45
	ID  shift 46
	.  error

	expr_5  goto 169
	expr_4  goto 57
	expr_3  goto 58
	expr_2  goto 59
	expr_1  goto 60
	variable  goto 61
	literal  goto 62


state 120
	expr_6 : expr_6 GE . expr_5  (55)

	'&'  shift 32
	'+'  shift 33
	'-'  shift 34
	'*'  shift 35
	INC  shift 36
	DEC  shift 37
	'~'  shift 38
	'!'  shift 39
	'('  shift 40
	Null  shift 41
	INT  shift 42
	FLOAT  shift 43
	CHAR  shift 44
	STR  shift 45
	ID  shift 46
	.  error

	expr_5  goto 170
	expr_4  goto 57
	expr_3  goto 58
	expr_2  goto 59
	expr_1  goto 60
	variable  goto 61
	literal  goto 62


state 121
	expr_6 : expr_6 LE . expr_5  (56)

	'&'  shift 32
	'+'  shift 33
	'-'  shift 34
	'*'  shift 35
	INC  shift 36
	DEC  shift 37
	'~'  shift 38
	'!'  shift 39
	'('  shift 40
	Null  shift 41
	INT  shift 42
	FLOAT  shift 43
	CHAR  shift 44
	STR  shift 45
	ID  shift 46
	.  error

	expr_5  goto 171
	expr_4  goto 57
	expr_3  goto 58
	expr_2  goto 59
	expr_1  goto 60
	variable  goto 61
	literal  goto 62


state 122
	expr_5 : expr_5 RS . expr_4  (58)

	'&'  shift 32
	'+'  shift 33
	'-'  shift 34
	'*'  shift 35
	INC  shift 36
	DEC  shift 37
	'~'  shift 38
	'!'  shift 39
	'('  shift 40
	Null  shift 41
	INT  shift 42
	FLOAT  shift 43
	CHAR  shift 44
	STR  shift 45
	ID  shift 46
	.  error

	expr_4  goto 172
	expr_3  goto 58
	expr_2  goto 59
	expr_1  goto 60
	variable  goto 61
	literal  goto 62


state 123
	expr_5 : expr_5 LS . expr_4  (59)

	'&'  shift 32
	'+'  shift 33
	'-'  shift 34
	'*'  shift 35
	INC  shift 36
	DEC  shift 37
	'~'  shift 38
	'!'  shift 39
	'('  shift 40
	Null  shift 41
	INT  shift 42
	FLOAT  shift 43
	CHAR  shift 44
	STR  shift 45
	ID  shift 46
	.  error

	expr_4  goto 173
	expr_3  goto 58
	expr_2  goto 59
	expr_1  goto 60
	variable  goto 61
	literal  goto 62


state 124
	expr_4 : expr_4 '+' . expr_3  (61)

	'&'  shift 32
	'+'  shift 33
	'-'  shift 34
	'*'  shift 35
	INC  shift 36
	DEC  shift 37
	'~'  shift 38
	'!'  shift 39
	'('  shift 40
	Null  shift 41
	INT  shift 42
	FLOAT  shift 43
	CHAR  shift 44
	STR  shift 45
	ID  shift 46
	.  error

	expr_3  goto 174
	expr_2  goto 59
	expr_1  goto 60
	variable  goto 61
	literal  goto 62


state 125
	expr_4 : expr_4 '-' . expr_3  (62)

	'&'  shift 32
	'+'  shift 33
	'-'  shift 34
	'*'  shift 35
	INC  shift 36
	DEC  shift 37
	'~'  shift 38
	'!'  shift 39
	'('  shift 40
	Null  shift 41
	INT  shift 42
	FLOAT  shift 43
	CHAR  shift 44
	STR  shift 45
	ID  shift 46
	.  error

	expr_3  goto 175
	expr_2  goto 59
	expr_1  goto 60
	variable  goto 61
	literal  goto 62


state 126
	expr_3 : expr_3 '*' . expr_2  (64)

	'&'  shift 32
	'+'  shift 33
	'-'  shift 34
	'*'  shift 35
	INC  shift 36
	DEC  shift 37
	'~'  shift 38
	'!'  shift 39
	'('  shift 40
	Null  shift 41
	INT  shift 42
	FLOAT  shift 43
	CHAR  shift 44
	STR  shift 45
	ID  shift 46
	.  error

	expr_2  goto 176
	expr_1  goto 60
	variable  goto 61
	literal  goto 62


state 127
	expr_3 : expr_3 '/' . expr_2  (65)

	'&'  shift 32
	'+'  shift 33
	'-'  shift 34
	'*'  shift 35
	INC  shift 36
	DEC  shift 37
	'~'  shift 38
	'!'  shift 39
	'('  shift 40
	Null  shift 41
	INT  shift 42
	FLOAT  shift 43
	CHAR  shift 44
	STR  shift 45
	ID  shift 46
	.  error

	expr_2  goto 177
	expr_1  goto 60
	variable  goto 61
	literal  goto 62


state 128
	expr_3 : expr_3 '%' . expr_2  (66)

	'&'  shift 32
	'+'  shift 33
	'-'  shift 34
	'*'  shift 35
	INC  shift 36
	DEC  shift 37
	'~'  shift 38
	'!'  shift 39
	'('  shift 40
	Null  shift 41
	INT  shift 42
	FLOAT  shift 43
	CHAR  shift 44
	STR  shift 45
	ID  shift 46
	.  error

	expr_2  goto 178
	expr_1  goto 60
	variable  goto 61
	literal  goto 62


state 129
	expr_1 : expr_1 INC .  (79)

	.  reduce 79


state 130
	expr_1 : expr_1 DEC .  (80)

	.  reduce 80


state 131
	expr_1 : expr_1 '(' . func_call_parameters ')'  (85)
	expression : .  (36)

	'&'  shift 32
	'+'  shift 33
	'-'  shift 34
	'*'  shift 35
	INC  shift 36
	DEC  shift 37
	'~'  shift 38
	'!'  shift 39
	'('  shift 40
	Null  shift 41
	INT  shift 42
	FLOAT  shift 43
	CHAR  shift 44
	STR  shift 45
	ID  shift 46
	')'  reduce 36
	','  reduce 36

	expression  goto 179
	expr_14  goto 48
	expr_12  goto 49
	expr_11  goto 50
	expr_10  goto 51
	expr_9  goto 52
	expr_8  goto 53
	expr_7  goto 54
	expr_6  goto 55
	expr_5  goto 56
	expr_4  goto 57
	expr_3  goto 58
	expr_2  goto 59
	expr_1  goto 60
	variable  goto 61
	literal  goto 62
	func_call_parameters  goto 180


state 132
	expr_1 : expr_1 ID . array_shape  (83)
	variable : ID .  (91)

	'['  shift 21
	'('  reduce 91

	array_shape  goto 181


state 133
	expr_1 : expr_1 variable . '(' ')'  (81)

	'('  shift 182
	.  error


state 134
	func_parameter : scalar_type '*' . ID  (34)

	ID  shift 183
	.  error


state 135
	func_parameter : scalar_type ID .  (33)

	.  reduce 33


state 136
	function : ID '(' func_parameters ')' .  (29)

	.  reduce 29


state 137
	func_parameters : func_parameters ',' . func_parameter  (31)
	func_parameter : .  (35)

	TYPE  shift 1
	')'  reduce 35
	','  reduce 35

	scalar_type  goto 63
	func_parameter  goto 184


state 138
	array_shape : '[' expression ']' .  (22)

	.  reduce 22


state 139
	array : ID array_shape '=' '{' . array_content_elements '}'  (19)
	expression : .  (36)

	'&'  shift 32
	'+'  shift 33
	'-'  shift 34
	'*'  shift 35
	INC  shift 36
	DEC  shift 37
	'~'  shift 38
	'!'  shift 39
	'('  shift 40
	'{'  shift 185
	Null  shift 41
	INT  shift 42
	FLOAT  shift 43
	CHAR  shift 44
	STR  shift 45
	ID  shift 46
	'}'  reduce 36
	','  reduce 36

	expression  goto 186
	expr_14  goto 48
	expr_12  goto 49
	expr_11  goto 50
	expr_10  goto 51
	expr_9  goto 52
	expr_8  goto 53
	expr_7  goto 54
	expr_6  goto 55
	expr_5  goto 56
	expr_4  goto 57
	expr_3  goto 58
	expr_2  goto 59
	expr_1  goto 60
	variable  goto 61
	literal  goto 62
	array_content_elements  goto 187
	array_content_element  goto 188


state 140
	array_shape : array_shape '[' expression . ']'  (21)

	']'  shift 189
	.  error


state 141
	scalar_id : '*' ID . '=' expression  (13)
	scalar_id : '*' ID .  (15)

	'='  shift 30
	';'  reduce 15
	','  reduce 15


state 142
	if_statement : IF '(' . expression ')' compound_statements  (107)
	if_statement : IF '(' . expression ')' compound_statements ELSE compound_statements  (108)
	expression : .  (36)

	'&'  shift 32
	'+'  shift 33
	'-'  shift 34
	'*'  shift 35
	INC  shift 36
	DEC  shift 37
	'~'  shift 38
	'!'  shift 39
	'('  shift 40
	Null  shift 41
	INT  shift 42
	FLOAT  shift 43
	CHAR  shift 44
	STR  shift 45
	ID  shift 46
	')'  reduce 36

	expression  goto 190
	expr_14  goto 48
	expr_12  goto 49
	expr_11  goto 50
	expr_10  goto 51
	expr_9  goto 52
	expr_8  goto 53
	expr_7  goto 54
	expr_6  goto 55
	expr_5  goto 56
	expr_4  goto 57
	expr_3  goto 58
	expr_2  goto 59
	expr_1  goto 60
	variable  goto 61
	literal  goto 62


state 143
	switch_statement : SWITCH '(' . expression ')' '{' switch_cases '}'  (109)
	expression : .  (36)

	'&'  shift 32
	'+'  shift 33
	'-'  shift 34
	'*'  shift 35
	INC  shift 36
	DEC  shift 37
	'~'  shift 38
	'!'  shift 39
	'('  shift 40
	Null  shift 41
	INT  shift 42
	FLOAT  shift 43
	CHAR  shift 44
	STR  shift 45
	ID  shift 46
	')'  reduce 36

	expression  goto 191
	expr_14  goto 48
	expr_12  goto 49
	expr_11  goto 50
	expr_10  goto 51
	expr_9  goto 52
	expr_8  goto 53
	expr_7  goto 54
	expr_6  goto 55
	expr_5  goto 56
	expr_4  goto 57
	expr_3  goto 58
	expr_2  goto 59
	expr_1  goto 60
	variable  goto 61
	literal  goto 62


state 144
	while_statement : WHILE '(' . expression ')' statement  (116)
	expression : .  (36)

	'&'  shift 32
	'+'  shift 33
	'-'  shift 34
	'*'  shift 35
	INC  shift 36
	DEC  shift 37
	'~'  shift 38
	'!'  shift 39
	'('  shift 40
	Null  shift 41
	INT  shift 42
	FLOAT  shift 43
	CHAR  shift 44
	STR  shift 45
	ID  shift 46
	')'  reduce 36

	expression  goto 192
	expr_14  goto 48
	expr_12  goto 49
	expr_11  goto 50
	expr_10  goto 51
	expr_9  goto 52
	expr_8  goto 53
	expr_7  goto 54
	expr_6  goto 55
	expr_5  goto 56
	expr_4  goto 57
	expr_3  goto 58
	expr_2  goto 59
	expr_1  goto 60
	variable  goto 61
	literal  goto 62


state 145
	while_statement : DO statement . WHILE '(' expression ')' ';'  (117)

	WHILE  shift 193
	.  error


state 146
	for_statement : FOR '(' . for_parameters ')' statement  (118)
	expression : .  (36)

	'&'  shift 32
	'+'  shift 33
	'-'  shift 34
	'*'  shift 35
	INC  shift 36
	DEC  shift 37
	'~'  shift 38
	'!'  shift 39
	'('  shift 40
	Null  shift 41
	INT  shift 42
	FLOAT  shift 43
	CHAR  shift 44
	STR  shift 45
	ID  shift 46
	';'  reduce 36

	expression  goto 194
	expr_14  goto 48
	expr_12  goto 49
	expr_11  goto 50
	expr_10  goto 51
	expr_9  goto 52
	expr_8  goto 53
	expr_7  goto 54
	expr_6  goto 55
	expr_5  goto 56
	expr_4  goto 57
	expr_3  goto 58
	expr_2  goto 59
	expr_1  goto 60
	variable  goto 61
	literal  goto 62
	for_parameters  goto 195


state 147
	return_statement : RETURN expression . ';'  (120)

	';'  shift 196
	.  error


state 148
	break_statement : BREAK ';' .  (121)

	.  reduce 121


state 149
	continue_statement : CONTINUE ';' .  (122)

	.  reduce 122


state 150
	statement : expression ';' .  (98)

	.  reduce 98


state 151
	scalar_id : ID . '=' expression  (12)
	scalar_id : ID .  (14)
	array : ID . array_shape '=' '{' array_content_elements '}'  (19)
	array : ID . array_shape  (20)

	'='  shift 19
	'['  shift 21
	';'  reduce 14
	','  reduce 14

	array_shape  goto 22


state 152
	compound_statements : '{' compound_statement '}' .  (123)

	.  reduce 123


state 153
	compound_statement : compound_statement scalar_declaration .  (125)

	.  reduce 125


state 154
	compound_statement : compound_statement array_declaration .  (126)

	.  reduce 126


state 155
	compound_statement : compound_statement statement .  (127)

	.  reduce 127


state 156
	function : '*' ID '(' func_parameters ')' .  (30)

	.  reduce 30


state 157
	expr_1 : '(' expression ')' .  (82)

	.  reduce 82


state 158
	expr_2 : '(' scalar_type '*' . ')' expr_2  (77)

	')'  shift 197
	.  error


state 159
	expr_2 : '(' scalar_type ')' . expr_2  (76)

	'&'  shift 32
	'+'  shift 33
	'-'  shift 34
	'*'  shift 35
	INC  shift 36
	DEC  shift 37
	'~'  shift 38
	'!'  shift 39
	'('  shift 40
	Null  shift 41
	INT  shift 42
	FLOAT  shift 43
	CHAR  shift 44
	STR  shift 45
	ID  shift 46
	.  error

	expr_2  goto 198
	expr_1  goto 60
	variable  goto 61
	literal  goto 62


state 160
	expr_14 : expr_12 '=' expr_14 .  (38)

	.  reduce 38


state 161
	expr_12 : expr_12 OR expr_11 .  (40)
	expr_11 : expr_11 . AND expr_10  (42)

	AND  shift 112
	'='  reduce 40
	OR  reduce 40
	')'  reduce 40
	']'  reduce 40
	'}'  reduce 40
	';'  reduce 40
	','  reduce 40
	':'  reduce 40


state 162
	expr_11 : expr_11 AND expr_10 .  (42)
	expr_10 : expr_10 . '|' expr_9  (44)

	'|'  shift 113
	'='  reduce 42
	OR  reduce 42
	AND  reduce 42
	')'  reduce 42
	']'  reduce 42
	'}'  reduce 42
	';'  reduce 42
	','  reduce 42
	':'  reduce 42


state 163
	expr_10 : expr_10 '|' expr_9 .  (44)
	expr_9 : expr_9 . '^' expr_8  (46)

	'^'  shift 114
	'='  reduce 44
	OR  reduce 44
	AND  reduce 44
	'|'  reduce 44
	')'  reduce 44
	']'  reduce 44
	'}'  reduce 44
	';'  reduce 44
	','  reduce 44
	':'  reduce 44


state 164
	expr_9 : expr_9 '^' expr_8 .  (46)
	expr_8 : expr_8 . '&' expr_7  (48)

	'&'  shift 115
	'='  reduce 46
	OR  reduce 46
	AND  reduce 46
	'|'  reduce 46
	'^'  reduce 46
	')'  reduce 46
	']'  reduce 46
	'}'  reduce 46
	';'  reduce 46
	','  reduce 46
	':'  reduce 46


state 165
	expr_8 : expr_8 '&' expr_7 .  (48)
	expr_7 : expr_7 . EQUAL expr_6  (50)
	expr_7 : expr_7 . NOT_EQUAL expr_6  (51)

	EQUAL  shift 116
	NOT_EQUAL  shift 117
	'='  reduce 48
	OR  reduce 48
	AND  reduce 48
	'|'  reduce 48
	'^'  reduce 48
	'&'  reduce 48
	')'  reduce 48
	']'  reduce 48
	'}'  reduce 48
	';'  reduce 48
	','  reduce 48
	':'  reduce 48


state 166
	expr_7 : expr_7 EQUAL expr_6 .  (50)
	expr_6 : expr_6 . '<' expr_5  (53)
	expr_6 : expr_6 . '>' expr_5  (54)
	expr_6 : expr_6 . GE expr_5  (55)
	expr_6 : expr_6 . LE expr_5  (56)

	'<'  shift 118
	'>'  shift 119
	GE  shift 120
	LE  shift 121
	'='  reduce 50
	OR  reduce 50
	AND  reduce 50
	'|'  reduce 50
	'^'  reduce 50
	'&'  reduce 50
	EQUAL  reduce 50
	NOT_EQUAL  reduce 50
	')'  reduce 50
	']'  reduce 50
	'}'  reduce 50
	';'  reduce 50
	','  reduce 50
	':'  reduce 50


state 167
	expr_7 : expr_7 NOT_EQUAL expr_6 .  (51)
	expr_6 : expr_6 . '<' expr_5  (53)
	expr_6 : expr_6 . '>' expr_5  (54)
	expr_6 : expr_6 . GE expr_5  (55)
	expr_6 : expr_6 . LE expr_5  (56)

	'<'  shift 118
	'>'  shift 119
	GE  shift 120
	LE  shift 121
	'='  reduce 51
	OR  reduce 51
	AND  reduce 51
	'|'  reduce 51
	'^'  reduce 51
	'&'  reduce 51
	EQUAL  reduce 51
	NOT_EQUAL  reduce 51
	')'  reduce 51
	']'  reduce 51
	'}'  reduce 51
	';'  reduce 51
	','  reduce 51
	':'  reduce 51


state 168
	expr_6 : expr_6 '<' expr_5 .  (53)
	expr_5 : expr_5 . RS expr_4  (58)
	expr_5 : expr_5 . LS expr_4  (59)

	RS  shift 122
	LS  shift 123
	'='  reduce 53
	OR  reduce 53
	AND  reduce 53
	'|'  reduce 53
	'^'  reduce 53
	'&'  reduce 53
	EQUAL  reduce 53
	NOT_EQUAL  reduce 53
	'<'  reduce 53
	'>'  reduce 53
	GE  reduce 53
	LE  reduce 53
	')'  reduce 53
	']'  reduce 53
	'}'  reduce 53
	';'  reduce 53
	','  reduce 53
	':'  reduce 53


state 169
	expr_6 : expr_6 '>' expr_5 .  (54)
	expr_5 : expr_5 . RS expr_4  (58)
	expr_5 : expr_5 . LS expr_4  (59)

	RS  shift 122
	LS  shift 123
	'='  reduce 54
	OR  reduce 54
	AND  reduce 54
	'|'  reduce 54
	'^'  reduce 54
	'&'  reduce 54
	EQUAL  reduce 54
	NOT_EQUAL  reduce 54
	'<'  reduce 54
	'>'  reduce 54
	GE  reduce 54
	LE  reduce 54
	')'  reduce 54
	']'  reduce 54
	'}'  reduce 54
	';'  reduce 54
	','  reduce 54
	':'  reduce 54


state 170
	expr_6 : expr_6 GE expr_5 .  (55)
	expr_5 : expr_5 . RS expr_4  (58)
	expr_5 : expr_5 . LS expr_4  (59)

	RS  shift 122
	LS  shift 123
	'='  reduce 55
	OR  reduce 55
	AND  reduce 55
	'|'  reduce 55
	'^'  reduce 55
	'&'  reduce 55
	EQUAL  reduce 55
	NOT_EQUAL  reduce 55
	'<'  reduce 55
	'>'  reduce 55
	GE  reduce 55
	LE  reduce 55
	')'  reduce 55
	']'  reduce 55
	'}'  reduce 55
	';'  reduce 55
	','  reduce 55
	':'  reduce 55


state 171
	expr_6 : expr_6 LE expr_5 .  (56)
	expr_5 : expr_5 . RS expr_4  (58)
	expr_5 : expr_5 . LS expr_4  (59)

	RS  shift 122
	LS  shift 123
	'='  reduce 56
	OR  reduce 56
	AND  reduce 56
	'|'  reduce 56
	'^'  reduce 56
	'&'  reduce 56
	EQUAL  reduce 56
	NOT_EQUAL  reduce 56
	'<'  reduce 56
	'>'  reduce 56
	GE  reduce 56
	LE  reduce 56
	')'  reduce 56
	']'  reduce 56
	'}'  reduce 56
	';'  reduce 56
	','  reduce 56
	':'  reduce 56


state 172
	expr_5 : expr_5 RS expr_4 .  (58)
	expr_4 : expr_4 . '+' expr_3  (61)
	expr_4 : expr_4 . '-' expr_3  (62)

	'+'  shift 124
	'-'  shift 125
	'='  reduce 58
	OR  reduce 58
	AND  reduce 58
	'|'  reduce 58
	'^'  reduce 58
	'&'  reduce 58
	EQUAL  reduce 58
	NOT_EQUAL  reduce 58
	'<'  reduce 58
	'>'  reduce 58
	GE  reduce 58
	LE  reduce 58
	RS  reduce 58
	LS  reduce 58
	')'  reduce 58
	']'  reduce 58
	'}'  reduce 58
	';'  reduce 58
	','  reduce 58
	':'  reduce 58


state 173
	expr_5 : expr_5 LS expr_4 .  (59)
	expr_4 : expr_4 . '+' expr_3  (61)
	expr_4 : expr_4 . '-' expr_3  (62)

	'+'  shift 124
	'-'  shift 125
	'='  reduce 59
	OR  reduce 59
	AND  reduce 59
	'|'  reduce 59
	'^'  reduce 59
	'&'  reduce 59
	EQUAL  reduce 59
	NOT_EQUAL  reduce 59
	'<'  reduce 59
	'>'  reduce 59
	GE  reduce 59
	LE  reduce 59
	RS  reduce 59
	LS  reduce 59
	')'  reduce 59
	']'  reduce 59
	'}'  reduce 59
	';'  reduce 59
	','  reduce 59
	':'  reduce 59


state 174
	expr_4 : expr_4 '+' expr_3 .  (61)
	expr_3 : expr_3 . '*' expr_2  (64)
	expr_3 : expr_3 . '/' expr_2  (65)
	expr_3 : expr_3 . '%' expr_2  (66)

	'*'  shift 126
	'/'  shift 127
	'%'  shift 128
	'='  reduce 61
	OR  reduce 61
	AND  reduce 61
	'|'  reduce 61
	'^'  reduce 61
	'&'  reduce 61
	EQUAL  reduce 61
	NOT_EQUAL  reduce 61
	'<'  reduce 61
	'>'  reduce 61
	GE  reduce 61
	LE  reduce 61
	RS  reduce 61
	LS  reduce 61
	'+'  reduce 61
	'-'  reduce 61
	')'  reduce 61
	']'  reduce 61
	'}'  reduce 61
	';'  reduce 61
	','  reduce 61
	':'  reduce 61


state 175
	expr_4 : expr_4 '-' expr_3 .  (62)
	expr_3 : expr_3 . '*' expr_2  (64)
	expr_3 : expr_3 . '/' expr_2  (65)
	expr_3 : expr_3 . '%' expr_2  (66)

	'*'  shift 126
	'/'  shift 127
	'%'  shift 128
	'='  reduce 62
	OR  reduce 62
	AND  reduce 62
	'|'  reduce 62
	'^'  reduce 62
	'&'  reduce 62
	EQUAL  reduce 62
	NOT_EQUAL  reduce 62
	'<'  reduce 62
	'>'  reduce 62
	GE  reduce 62
	LE  reduce 62
	RS  reduce 62
	LS  reduce 62
	'+'  reduce 62
	'-'  reduce 62
	')'  reduce 62
	']'  reduce 62
	'}'  reduce 62
	';'  reduce 62
	','  reduce 62
	':'  reduce 62


state 176
	expr_3 : expr_3 '*' expr_2 .  (64)

	.  reduce 64


state 177
	expr_3 : expr_3 '/' expr_2 .  (65)

	.  reduce 65


state 178
	expr_3 : expr_3 '%' expr_2 .  (66)

	.  reduce 66


state 179
	func_call_parameters : expression .  (90)

	.  reduce 90


state 180
	expr_1 : expr_1 '(' func_call_parameters . ')'  (85)
	func_call_parameters : func_call_parameters . ',' expression  (89)

	')'  shift 199
	','  shift 200
	.  error


state 181
	array_shape : array_shape . '[' expression ']'  (21)
	expr_1 : expr_1 ID array_shape .  (83)

	'['  shift 68
	'='  reduce 83
	OR  reduce 83
	AND  reduce 83
	'|'  reduce 83
	'^'  reduce 83
	'&'  reduce 83
	EQUAL  reduce 83
	NOT_EQUAL  reduce 83
	'<'  reduce 83
	'>'  reduce 83
	GE  reduce 83
	LE  reduce 83
	RS  reduce 83
	LS  reduce 83
	'+'  reduce 83
	'-'  reduce 83
	'*'  reduce 83
	'/'  reduce 83
	'%'  reduce 83
	INC  reduce 83
	DEC  reduce 83
	'('  reduce 83
	')'  reduce 83
	']'  reduce 83
	'}'  reduce 83
	ID  reduce 83
	';'  reduce 83
	','  reduce 83
	':'  reduce 83


state 182
	expr_1 : expr_1 variable '(' . ')'  (81)

	')'  shift 201
	.  error


state 183
	func_parameter : scalar_type '*' ID .  (34)

	.  reduce 34


state 184
	func_parameters : func_parameters ',' func_parameter .  (31)

	.  reduce 31


state 185
	array_content_element : '{' . array_content_elements '}'  (25)
	expression : .  (36)

	'&'  shift 32
	'+'  shift 33
	'-'  shift 34
	'*'  shift 35
	INC  shift 36
	DEC  shift 37
	'~'  shift 38
	'!'  shift 39
	'('  shift 40
	'{'  shift 185
	Null  shift 41
	INT  shift 42
	FLOAT  shift 43
	CHAR  shift 44
	STR  shift 45
	ID  shift 46
	'}'  reduce 36
	','  reduce 36

	expression  goto 186
	expr_14  goto 48
	expr_12  goto 49
	expr_11  goto 50
	expr_10  goto 51
	expr_9  goto 52
	expr_8  goto 53
	expr_7  goto 54
	expr_6  goto 55
	expr_5  goto 56
	expr_4  goto 57
	expr_3  goto 58
	expr_2  goto 59
	expr_1  goto 60
	variable  goto 61
	literal  goto 62
	array_content_elements  goto 202
	array_content_element  goto 188


state 186
	array_content_element : expression .  (26)

	.  reduce 26


state 187
	array : ID array_shape '=' '{' array_content_elements . '}'  (19)

	'}'  shift 203
	.  error


state 188
	array_content_elements : array_content_element . ',' array_content_elements  (23)
	array_content_elements : array_content_element .  (24)

	','  shift 204
	'}'  reduce 24


state 189
	array_shape : array_shape '[' expression ']' .  (21)

	.  reduce 21


state 190
	if_statement : IF '(' expression . ')' compound_statements  (107)
	if_statement : IF '(' expression . ')' compound_statements ELSE compound_statements  (108)

	')'  shift 205
	.  error


state 191
	switch_statement : SWITCH '(' expression . ')' '{' switch_cases '}'  (109)

	')'  shift 206
	.  error


state 192
	while_statement : WHILE '(' expression . ')' statement  (116)

	')'  shift 207
	.  error


state 193
	while_statement : DO statement WHILE . '(' expression ')' ';'  (117)

	'('  shift 208
	.  error


state 194
	for_parameters : expression . ';' expression ';' expression  (119)

	';'  shift 209
	.  error


state 195
	for_statement : FOR '(' for_parameters . ')' statement  (118)

	')'  shift 210
	.  error


state 196
	return_statement : RETURN expression ';' .  (120)

	.  reduce 120


state 197
	expr_2 : '(' scalar_type '*' ')' . expr_2  (77)

	'&'  shift 32
	'+'  shift 33
	'-'  shift 34
	'*'  shift 35
	INC  shift 36
	DEC  shift 37
	'~'  shift 38
	'!'  shift 39
	'('  shift 40
	Null  shift 41
	INT  shift 42
	FLOAT  shift 43
	CHAR  shift 44
	STR  shift 45
	ID  shift 46
	.  error

	expr_2  goto 211
	expr_1  goto 60
	variable  goto 61
	literal  goto 62


state 198
	expr_2 : '(' scalar_type ')' expr_2 .  (76)

	.  reduce 76


state 199
	expr_1 : expr_1 '(' func_call_parameters ')' .  (85)

	.  reduce 85


state 200
	func_call_parameters : func_call_parameters ',' . expression  (89)
	expression : .  (36)

	'&'  shift 32
	'+'  shift 33
	'-'  shift 34
	'*'  shift 35
	INC  shift 36
	DEC  shift 37
	'~'  shift 38
	'!'  shift 39
	'('  shift 40
	Null  shift 41
	INT  shift 42
	FLOAT  shift 43
	CHAR  shift 44
	STR  shift 45
	ID  shift 46
	')'  reduce 36
	','  reduce 36

	expression  goto 212
	expr_14  goto 48
	expr_12  goto 49
	expr_11  goto 50
	expr_10  goto 51
	expr_9  goto 52
	expr_8  goto 53
	expr_7  goto 54
	expr_6  goto 55
	expr_5  goto 56
	expr_4  goto 57
	expr_3  goto 58
	expr_2  goto 59
	expr_1  goto 60
	variable  goto 61
	literal  goto 62


state 201
	expr_1 : expr_1 variable '(' ')' .  (81)

	.  reduce 81


state 202
	array_content_element : '{' array_content_elements . '}'  (25)

	'}'  shift 213
	.  error


state 203
	array : ID array_shape '=' '{' array_content_elements '}' .  (19)

	.  reduce 19


state 204
	array_content_elements : array_content_element ',' . array_content_elements  (23)
	expression : .  (36)

	'&'  shift 32
	'+'  shift 33
	'-'  shift 34
	'*'  shift 35
	INC  shift 36
	DEC  shift 37
	'~'  shift 38
	'!'  shift 39
	'('  shift 40
	'{'  shift 185
	Null  shift 41
	INT  shift 42
	FLOAT  shift 43
	CHAR  shift 44
	STR  shift 45
	ID  shift 46
	'}'  reduce 36
	','  reduce 36

	expression  goto 186
	expr_14  goto 48
	expr_12  goto 49
	expr_11  goto 50
	expr_10  goto 51
	expr_9  goto 52
	expr_8  goto 53
	expr_7  goto 54
	expr_6  goto 55
	expr_5  goto 56
	expr_4  goto 57
	expr_3  goto 58
	expr_2  goto 59
	expr_1  goto 60
	variable  goto 61
	literal  goto 62
	array_content_elements  goto 214
	array_content_element  goto 188


state 205
	if_statement : IF '(' expression ')' . compound_statements  (107)
	if_statement : IF '(' expression ')' . compound_statements ELSE compound_statements  (108)

	'{'  shift 27
	.  error

	compound_statements  goto 215


state 206
	switch_statement : SWITCH '(' expression ')' . '{' switch_cases '}'  (109)

	'{'  shift 216
	.  error


state 207
	while_statement : WHILE '(' expression ')' . statement  (116)
	expression : .  (36)

	'&'  shift 32
	'+'  shift 33
	'-'  shift 34
	'*'  shift 35
	INC  shift 36
	DEC  shift 37
	'~'  shift 38
	'!'  shift 39
	'('  shift 40
	'{'  shift 27
	Null  shift 41
	INT  shift 42
	FLOAT  shift 43
	CHAR  shift 44
	STR  shift 45
	ID  shift 46
	IF  shift 75
	SWITCH  shift 76
	WHILE  shift 77
	DO  shift 78
	FOR  shift 79
	RETURN  shift 80
	BREAK  shift 81
	CONTINUE  shift 82
	';'  reduce 36

	expression  goto 83
	expr_14  goto 48
	expr_12  goto 49
	expr_11  goto 50
	expr_10  goto 51
	expr_9  goto 52
	expr_8  goto 53
	expr_7  goto 54
	expr_6  goto 55
	expr_5  goto 56
	expr_4  goto 57
	expr_3  goto 58
	expr_2  goto 59
	expr_1  goto 60
	variable  goto 61
	literal  goto 62
	compound_statements  goto 87
	statement  goto 217
	if_statement  goto 90
	switch_statement  goto 91
	while_statement  goto 92
	for_statement  goto 93
	return_statement  goto 94
	break_statement  goto 95
	continue_statement  goto 96


state 208
	while_statement : DO statement WHILE '(' . expression ')' ';'  (117)
	expression : .  (36)

	'&'  shift 32
	'+'  shift 33
	'-'  shift 34
	'*'  shift 35
	INC  shift 36
	DEC  shift 37
	'~'  shift 38
	'!'  shift 39
	'('  shift 40
	Null  shift 41
	INT  shift 42
	FLOAT  shift 43
	CHAR  shift 44
	STR  shift 45
	ID  shift 46
	')'  reduce 36

	expression  goto 218
	expr_14  goto 48
	expr_12  goto 49
	expr_11  goto 50
	expr_10  goto 51
	expr_9  goto 52
	expr_8  goto 53
	expr_7  goto 54
	expr_6  goto 55
	expr_5  goto 56
	expr_4  goto 57
	expr_3  goto 58
	expr_2  goto 59
	expr_1  goto 60
	variable  goto 61
	literal  goto 62


state 209
	for_parameters : expression ';' . expression ';' expression  (119)
	expression : .  (36)

	'&'  shift 32
	'+'  shift 33
	'-'  shift 34
	'*'  shift 35
	INC  shift 36
	DEC  shift 37
	'~'  shift 38
	'!'  shift 39
	'('  shift 40
	Null  shift 41
	INT  shift 42
	FLOAT  shift 43
	CHAR  shift 44
	STR  shift 45
	ID  shift 46
	';'  reduce 36

	expression  goto 219
	expr_14  goto 48
	expr_12  goto 49
	expr_11  goto 50
	expr_10  goto 51
	expr_9  goto 52
	expr_8  goto 53
	expr_7  goto 54
	expr_6  goto 55
	expr_5  goto 56
	expr_4  goto 57
	expr_3  goto 58
	expr_2  goto 59
	expr_1  goto 60
	variable  goto 61
	literal  goto 62


state 210
	for_statement : FOR '(' for_parameters ')' . statement  (118)
	expression : .  (36)

	'&'  shift 32
	'+'  shift 33
	'-'  shift 34
	'*'  shift 35
	INC  shift 36
	DEC  shift 37
	'~'  shift 38
	'!'  shift 39
	'('  shift 40
	'{'  shift 27
	Null  shift 41
	INT  shift 42
	FLOAT  shift 43
	CHAR  shift 44
	STR  shift 45
	ID  shift 46
	IF  shift 75
	SWITCH  shift 76
	WHILE  shift 77
	DO  shift 78
	FOR  shift 79
	RETURN  shift 80
	BREAK  shift 81
	CONTINUE  shift 82
	';'  reduce 36

	expression  goto 83
	expr_14  goto 48
	expr_12  goto 49
	expr_11  goto 50
	expr_10  goto 51
	expr_9  goto 52
	expr_8  goto 53
	expr_7  goto 54
	expr_6  goto 55
	expr_5  goto 56
	expr_4  goto 57
	expr_3  goto 58
	expr_2  goto 59
	expr_1  goto 60
	variable  goto 61
	literal  goto 62
	compound_statements  goto 87
	statement  goto 220
	if_statement  goto 90
	switch_statement  goto 91
	while_statement  goto 92
	for_statement  goto 93
	return_statement  goto 94
	break_statement  goto 95
	continue_statement  goto 96


state 211
	expr_2 : '(' scalar_type '*' ')' expr_2 .  (77)

	.  reduce 77


state 212
	func_call_parameters : func_call_parameters ',' expression .  (89)

	.  reduce 89


state 213
	array_content_element : '{' array_content_elements '}' .  (25)

	.  reduce 25


state 214
	array_content_elements : array_content_element ',' array_content_elements .  (23)

	.  reduce 23


state 215
	if_statement : IF '(' expression ')' compound_statements .  (107)
	if_statement : IF '(' expression ')' compound_statements . ELSE compound_statements  (108)

	ELSE  shift 221
	'&'  reduce 107
	'+'  reduce 107
	'-'  reduce 107
	'*'  reduce 107
	INC  reduce 107
	DEC  reduce 107
	'~'  reduce 107
	'!'  reduce 107
	'('  reduce 107
	'{'  reduce 107
	'}'  reduce 107
	Null  reduce 107
	INT  reduce 107
	FLOAT  reduce 107
	CHAR  reduce 107
	STR  reduce 107
	TYPE  reduce 107
	ID  reduce 107
	';'  reduce 107
	IF  reduce 107
	SWITCH  reduce 107
	CASE  reduce 107
	DEFAULT  reduce 107
	WHILE  reduce 107
	DO  reduce 107
	FOR  reduce 107
	RETURN  reduce 107
	BREAK  reduce 107
	CONTINUE  reduce 107


state 216
	switch_statement : SWITCH '(' expression ')' '{' . switch_cases '}'  (109)

	CASE  shift 222
	DEFAULT  shift 223
	.  error

	switch_cases  goto 224
	switch_case  goto 225


state 217
	while_statement : WHILE '(' expression ')' statement .  (116)

	.  reduce 116


state 218
	while_statement : DO statement WHILE '(' expression . ')' ';'  (117)

	')'  shift 226
	.  error


state 219
	for_parameters : expression ';' expression . ';' expression  (119)

	';'  shift 227
	.  error


state 220
	for_statement : FOR '(' for_parameters ')' statement .  (118)

	.  reduce 118


state 221
	if_statement : IF '(' expression ')' compound_statements ELSE . compound_statements  (108)

	'{'  shift 27
	.  error

	compound_statements  goto 228


state 222
	switch_case : CASE . expression ':' statements  (112)
	switch_case : CASE . expression ':'  (114)
	expression : .  (36)

	'&'  shift 32
	'+'  shift 33
	'-'  shift 34
	'*'  shift 35
	INC  shift 36
	DEC  shift 37
	'~'  shift 38
	'!'  shift 39
	'('  shift 40
	Null  shift 41
	INT  shift 42
	FLOAT  shift 43
	CHAR  shift 44
	STR  shift 45
	ID  shift 46
	':'  reduce 36

	expression  goto 229
	expr_14  goto 48
	expr_12  goto 49
	expr_11  goto 50
	expr_10  goto 51
	expr_9  goto 52
	expr_8  goto 53
	expr_7  goto 54
	expr_6  goto 55
	expr_5  goto 56
	expr_4  goto 57
	expr_3  goto 58
	expr_2  goto 59
	expr_1  goto 60
	variable  goto 61
	literal  goto 62


state 223
	switch_case : DEFAULT . ':' statements  (113)
	switch_case : DEFAULT . ':'  (115)

	':'  shift 230
	.  error


state 224
	switch_statement : SWITCH '(' expression ')' '{' switch_cases . '}'  (109)
	switch_cases : switch_cases . switch_case  (110)

	'}'  shift 231
	CASE  shift 222
	DEFAULT  shift 223
	.  error

	switch_case  goto 232


state 225
	switch_cases : switch_case .  (111)

	.  reduce 111


state 226
	while_statement : DO statement WHILE '(' expression ')' . ';'  (117)

	';'  shift 233
	.  error


state 227
	for_parameters : expression ';' expression ';' . expression  (119)
	expression : .  (36)

	'&'  shift 32
	'+'  shift 33
	'-'  shift 34
	'*'  shift 35
	INC  shift 36
	DEC  shift 37
	'~'  shift 38
	'!'  shift 39
	'('  shift 40
	Null  shift 41
	INT  shift 42
	FLOAT  shift 43
	CHAR  shift 44
	STR  shift 45
	ID  shift 46
	')'  reduce 36

	expression  goto 234
	expr_14  goto 48
	expr_12  goto 49
	expr_11  goto 50
	expr_10  goto 51
	expr_9  goto 52
	expr_8  goto 53
	expr_7  goto 54
	expr_6  goto 55
	expr_5  goto 56
	expr_4  goto 57
	expr_3  goto 58
	expr_2  goto 59
	expr_1  goto 60
	variable  goto 61
	literal  goto 62


state 228
	if_statement : IF '(' expression ')' compound_statements ELSE compound_statements .  (108)

	.  reduce 108


state 229
	switch_case : CASE expression . ':' statements  (112)
	switch_case : CASE expression . ':'  (114)

	':'  shift 235
	.  error


state 230
	switch_case : DEFAULT ':' . statements  (113)
	switch_case : DEFAULT ':' .  (115)
	expression : .  (36)

	'&'  shift 32
	'+'  shift 33
	'-'  shift 34
	'*'  shift 35
	INC  shift 36
	DEC  shift 37
	'~'  shift 38
	'!'  shift 39
	'('  shift 40
	'{'  shift 27
	Null  shift 41
	INT  shift 42
	FLOAT  shift 43
	CHAR  shift 44
	STR  shift 45
	ID  shift 46
	IF  shift 75
	SWITCH  shift 76
	WHILE  shift 77
	DO  shift 78
	FOR  shift 79
	RETURN  shift 80
	BREAK  shift 81
	CONTINUE  shift 82
	'}'  reduce 115
	';'  reduce 36
	CASE  reduce 115
	DEFAULT  reduce 115

	expression  goto 83
	expr_14  goto 48
	expr_12  goto 49
	expr_11  goto 50
	expr_10  goto 51
	expr_9  goto 52
	expr_8  goto 53
	expr_7  goto 54
	expr_6  goto 55
	expr_5  goto 56
	expr_4  goto 57
	expr_3  goto 58
	expr_2  goto 59
	expr_1  goto 60
	variable  goto 61
	literal  goto 62
	compound_statements  goto 87
	statements  goto 236
	statement  goto 237
	if_statement  goto 90
	switch_statement  goto 91
	while_statement  goto 92
	for_statement  goto 93
	return_statement  goto 94
	break_statement  goto 95
	continue_statement  goto 96


state 231
	switch_statement : SWITCH '(' expression ')' '{' switch_cases '}' .  (109)

	.  reduce 109


state 232
	switch_cases : switch_cases switch_case .  (110)

	.  reduce 110


state 233
	while_statement : DO statement WHILE '(' expression ')' ';' .  (117)

	.  reduce 117


state 234
	for_parameters : expression ';' expression ';' expression .  (119)

	.  reduce 119


state 235
	switch_case : CASE expression ':' . statements  (112)
	switch_case : CASE expression ':' .  (114)
	expression : .  (36)

	'&'  shift 32
	'+'  shift 33
	'-'  shift 34
	'*'  shift 35
	INC  shift 36
	DEC  shift 37
	'~'  shift 38
	'!'  shift 39
	'('  shift 40
	'{'  shift 27
	Null  shift 41
	INT  shift 42
	FLOAT  shift 43
	CHAR  shift 44
	STR  shift 45
	ID  shift 46
	IF  shift 75
	SWITCH  shift 76
	WHILE  shift 77
	DO  shift 78
	FOR  shift 79
	RETURN  shift 80
	BREAK  shift 81
	CONTINUE  shift 82
	'}'  reduce 114
	';'  reduce 36
	CASE  reduce 114
	DEFAULT  reduce 114

	expression  goto 83
	expr_14  goto 48
	expr_12  goto 49
	expr_11  goto 50
	expr_10  goto 51
	expr_9  goto 52
	expr_8  goto 53
	expr_7  goto 54
	expr_6  goto 55
	expr_5  goto 56
	expr_4  goto 57
	expr_3  goto 58
	expr_2  goto 59
	expr_1  goto 60
	variable  goto 61
	literal  goto 62
	compound_statements  goto 87
	statements  goto 238
	statement  goto 237
	if_statement  goto 90
	switch_statement  goto 91
	while_statement  goto 92
	for_statement  goto 93
	return_statement  goto 94
	break_statement  goto 95
	continue_statement  goto 96


state 236
	statements : statements . statement  (96)
	switch_case : DEFAULT ':' statements .  (113)
	expression : .  (36)

	'&'  shift 32
	'+'  shift 33
	'-'  shift 34
	'*'  shift 35
	INC  shift 36
	DEC  shift 37
	'~'  shift 38
	'!'  shift 39
	'('  shift 40
	'{'  shift 27
	Null  shift 41
	INT  shift 42
	FLOAT  shift 43
	CHAR  shift 44
	STR  shift 45
	ID  shift 46
	IF  shift 75
	SWITCH  shift 76
	WHILE  shift 77
	DO  shift 78
	FOR  shift 79
	RETURN  shift 80
	BREAK  shift 81
	CONTINUE  shift 82
	'}'  reduce 113
	';'  reduce 36
	CASE  reduce 113
	DEFAULT  reduce 113

	expression  goto 83
	expr_14  goto 48
	expr_12  goto 49
	expr_11  goto 50
	expr_10  goto 51
	expr_9  goto 52
	expr_8  goto 53
	expr_7  goto 54
	expr_6  goto 55
	expr_5  goto 56
	expr_4  goto 57
	expr_3  goto 58
	expr_2  goto 59
	expr_1  goto 60
	variable  goto 61
	literal  goto 62
	compound_statements  goto 87
	statement  goto 239
	if_statement  goto 90
	switch_statement  goto 91
	while_statement  goto 92
	for_statement  goto 93
	return_statement  goto 94
	break_statement  goto 95
	continue_statement  goto 96


state 237
	statements : statement .  (97)

	.  reduce 97


state 238
	statements : statements . statement  (96)
	switch_case : CASE expression ':' statements .  (112)
	expression : .  (36)

	'&'  shift 32
	'+'  shift 33
	'-'  shift 34
	'*'  shift 35
	INC  shift 36
	DEC  shift 37
	'~'  shift 38
	'!'  shift 39
	'('  shift 40
	'{'  shift 27
	Null  shift 41
	INT  shift 42
	FLOAT  shift 43
	CHAR  shift 44
	STR  shift 45
	ID  shift 46
	IF  shift 75
	SWITCH  shift 76
	WHILE  shift 77
	DO  shift 78
	FOR  shift 79
	RETURN  shift 80
	BREAK  shift 81
	CONTINUE  shift 82
	'}'  reduce 112
	';'  reduce 36
	CASE  reduce 112
	DEFAULT  reduce 112

	expression  goto 83
	expr_14  goto 48
	expr_12  goto 49
	expr_11  goto 50
	expr_10  goto 51
	expr_9  goto 52
	expr_8  goto 53
	expr_7  goto 54
	expr_6  goto 55
	expr_5  goto 56
	expr_4  goto 57
	expr_3  goto 58
	expr_2  goto 59
	expr_1  goto 60
	variable  goto 61
	literal  goto 62
	compound_statements  goto 87
	statement  goto 239
	if_statement  goto 90
	switch_statement  goto 91
	while_statement  goto 92
	for_statement  goto 93
	return_statement  goto 94
	break_statement  goto 95
	continue_statement  goto 96


state 239
	statements : statements statement .  (96)

	.  reduce 96


53 terminals, 49 nonterminals
131 grammar rules, 240 states

grammar parser grammar
symbol# value# symbol
     0      0  $end
     1    256  error
     2     61  '='
     3    257  OR
     4    258  AND
     5    124  '|'
     6     94  '^'
     7     38  '&'
     8    259  EQUAL
     9    260  NOT_EQUAL
    10     60  '<'
    11     62  '>'
    12    261  GE
    13    262  LE
    14    263  RS
    15    264  LS
    16     43  '+'
    17     45  '-'
    18     42  '*'
    19     47  '/'
    20     37  '%'
    21    265  INC
    22    266  DEC
    23    126  '~'
    24     33  '!'
    25     40  '('
    26     41  ')'
    27     91  '['
    28     93  ']'
    29    123  '{'
    30    125  '}'
    31    267  Null
    32    268  INT
    33    269  FLOAT
    34    270  CHAR
    35    271  STR
    36    272  TYPE
    37    273  ID
    38     59  ';'
    39     44  ','
    40     32  ' '
    41    274  IF
    42    275  ELSE
    43    276  SWITCH
    44    277  CASE
    45    278  DEFAULT
    46    279  WHILE
    47    280  DO
    48    281  FOR
    49    282  RETURN
    50    283  BREAK
    51    284  CONTINUE
    52     58  ':'
    53    285  $accept
    54    286  program
    55    287  code
    56    288  declaration
    57    289  expression
    58    290  expr_14
    59    291  expr_12
    60    292  expr_11
    61    293  expr_10
    62    294  expr_9
    63    295  expr_8
    64    296  expr_7
    65    297  expr_6
    66    298  expr_5
    67    299  expr_4
    68    300  expr_3
    69    301  expr_2
    70    302  expr_1
    71    303  variable
    72    304  literal
    73    305  func_call_parameters
    74    306  scalar_declaration
    75    307  scalar_type
    76    308  scalar_ids
    77    309  scalar_id
    78    310  array_declaration
    79    311  arrays
    80    312  array
    81    313  array_shape
    82    314  array_content_elements
    83    315  array_content_element
    84    316  func_declaration
    85    317  function
    86    318  func_parameters
    87    319  func_parameter
    88    320  compound_statements
    89    321  compound_statement
    90    322  statements
    91    323  statement
    92    324  if_statement
    93    325  switch_statement
    94    326  switch_cases
    95    327  switch_case
    96    328  while_statement
    97    329  for_statement
    98    330  for_parameters
    99    331  return_statement
   100    332  break_statement
   101    333  continue_statement
